{"level":"info","message":"incoming Request URL = /users/register , incoming Request body ={\"name\":\"harsh\",\"email\":\"Harsh232@gmail.com\",\"phone\":\"+917248314681\",\"password\":\"11\",\"RePassword\":\"11\"}","timestamp":"2022-12-16T10:49:55.926Z"}
{"level":"info","message":"response Request body ={\"success\":false,\"message\":\"email already exists\"}","timestamp":"2022-12-16T10:49:55.935Z"}
{"level":"info","message":"response Request body =\"{\\\"success\\\":false,\\\"message\\\":\\\"email already exists\\\"}\"","timestamp":"2022-12-16T10:49:55.937Z"}
{"level":"info","message":"incoming Request URL = /users/register , incoming Request body ={\"name\":\"harsh\",\"email\":\"Harsh232@gmail.com\",\"phone\":\"+917248314681\",\"password\":\"11\",\"RePassword\":\"11\"}","timestamp":"2022-12-22T12:36:52.899Z"}
{"level":"info","message":"response Request body ={\"success\":false,\"message\":\"email already exists\"}","timestamp":"2022-12-22T12:36:52.924Z"}
{"level":"info","message":"response Request body =\"{\\\"success\\\":false,\\\"message\\\":\\\"email already exists\\\"}\"","timestamp":"2022-12-22T12:36:52.925Z"}
{"level":"info","message":"incoming Request URL = /users/register , incoming Request body ={\"name\":\"harsh\",\"email\":\"Harsh232@gmail.com\",\"phone\":\"+917248314681\",\"password\":\"11\",\"RePassword\":\"11\"}","timestamp":"2022-12-22T12:37:12.796Z"}
{"level":"info","message":"response Request body ={\"success\":true,\"data\":\"OTP send successfully\"}","timestamp":"2022-12-22T12:37:12.863Z"}
{"level":"info","message":"response Request body =\"{\\\"success\\\":true,\\\"data\\\":\\\"OTP send successfully\\\"}\"","timestamp":"2022-12-22T12:37:12.864Z"}
{"level":"info","message":"incoming Request URL = /users/register , incoming Request body ={\"name\":\"harsh\",\"email\":\"Harsh232@gmail.com\",\"phone\":\"+917248314681\",\"password\":\"11\",\"RePassword\":\"11\"}","timestamp":"2022-12-22T12:39:10.859Z"}
{"level":"info","message":"response Request body ={\"success\":false,\"message\":{\"status\":400,\"statusText\":\"Bad Request\",\"apiID\":\"a288e3f8-81f5-11ed-bfcc-0242ac110002\",\"moreInfo\":\"{\\\"src\\\":\\\"+917248314681\\\",\\\"dst\\\":\\\"+917248314681\\\",\\\"text\\\":\\\"Hello, from my side your otp is553392\\\"}\"}}","timestamp":"2022-12-22T12:39:11.374Z"}
{"level":"info","message":"response Request body =\"{\\\"success\\\":false,\\\"message\\\":{\\\"status\\\":400,\\\"statusText\\\":\\\"Bad Request\\\",\\\"apiID\\\":\\\"a288e3f8-81f5-11ed-bfcc-0242ac110002\\\",\\\"moreInfo\\\":\\\"{\\\\\\\"src\\\\\\\":\\\\\\\"+917248314681\\\\\\\",\\\\\\\"dst\\\\\\\":\\\\\\\"+917248314681\\\\\\\",\\\\\\\"text\\\\\\\":\\\\\\\"Hello, from my side your otp is553392\\\\\\\"}\\\"}}\"","timestamp":"2022-12-22T12:39:11.376Z"}
{"level":"info","message":"incoming Request URL = /users/register , incoming Request body ={\"name\":\"harsh\",\"email\":\"Harsh232@gmail.com\",\"phone\":\"+917248314681\",\"password\":\"11\",\"RePassword\":\"11\"}","timestamp":"2022-12-22T12:41:18.359Z"}
{"level":"info","message":"response Request body ={\"success\":false,\"message\":{\"status\":400,\"statusText\":\"Bad Request\",\"apiID\":\"eecdbaae-81f5-11ed-9fb2-0242ac110004\",\"moreInfo\":\"{\\\"src\\\":\\\"+917248314681\\\",\\\"dst\\\":\\\"+917248314681\\\",\\\"text\\\":\\\"Hello, from my side your otp is546287\\\"}\"}}","timestamp":"2022-12-22T12:41:19.336Z"}
{"level":"info","message":"response Request body =\"{\\\"success\\\":false,\\\"message\\\":{\\\"status\\\":400,\\\"statusText\\\":\\\"Bad Request\\\",\\\"apiID\\\":\\\"eecdbaae-81f5-11ed-9fb2-0242ac110004\\\",\\\"moreInfo\\\":\\\"{\\\\\\\"src\\\\\\\":\\\\\\\"+917248314681\\\\\\\",\\\\\\\"dst\\\\\\\":\\\\\\\"+917248314681\\\\\\\",\\\\\\\"text\\\\\\\":\\\\\\\"Hello, from my side your otp is546287\\\\\\\"}\\\"}}\"","timestamp":"2022-12-22T12:41:19.338Z"}
{"level":"info","message":"incoming Request URL = /users/register , incoming Request body ={\"name\":\"harsh\",\"email\":\"Harsh232@gmail.com\",\"phone\":\"+917248314681\",\"password\":\"11\",\"RePassword\":\"11\"}","timestamp":"2022-12-22T12:47:37.832Z"}
{"level":"info","message":"response Request body ={\"success\":false,\"message\":{\"status\":400,\"statusText\":\"Bad Request\",\"apiID\":\"d13d4e72-81f6-11ed-8b3c-0242ac110003\",\"moreInfo\":\"{\\\"src\\\":\\\"+917248314681\\\",\\\"dst\\\":\\\"+917248314681\\\",\\\"text\\\":\\\"Hello, from my side your otp is289549\\\"}\"}}","timestamp":"2022-12-22T12:47:39.219Z"}
{"level":"info","message":"response Request body =\"{\\\"success\\\":false,\\\"message\\\":{\\\"status\\\":400,\\\"statusText\\\":\\\"Bad Request\\\",\\\"apiID\\\":\\\"d13d4e72-81f6-11ed-8b3c-0242ac110003\\\",\\\"moreInfo\\\":\\\"{\\\\\\\"src\\\\\\\":\\\\\\\"+917248314681\\\\\\\",\\\\\\\"dst\\\\\\\":\\\\\\\"+917248314681\\\\\\\",\\\\\\\"text\\\\\\\":\\\\\\\"Hello, from my side your otp is289549\\\\\\\"}\\\"}}\"","timestamp":"2022-12-22T12:47:39.220Z"}
{"level":"info","message":"incoming Request URL = /users/register , incoming Request body ={\"name\":\"harsh\",\"email\":\"Harsh232@gmail.com\",\"phone\":\"+917248314681\",\"password\":\"11\",\"RePassword\":\"11\"}","timestamp":"2022-12-22T12:48:48.447Z"}
{"level":"info","message":"response Request body ={\"success\":false,\"message\":{\"status\":400,\"statusText\":\"Bad Request\",\"apiID\":\"fb39d7a4-81f6-11ed-9844-0242ac110002\",\"moreInfo\":\"{\\\"src\\\":\\\"+917248314681\\\",\\\"dst\\\":\\\"+917248314681\\\",\\\"text\\\":\\\"Hello, from my side your otp is618411\\\"}\"}}","timestamp":"2022-12-22T12:48:49.670Z"}
{"level":"info","message":"response Request body =\"{\\\"success\\\":false,\\\"message\\\":{\\\"status\\\":400,\\\"statusText\\\":\\\"Bad Request\\\",\\\"apiID\\\":\\\"fb39d7a4-81f6-11ed-9844-0242ac110002\\\",\\\"moreInfo\\\":\\\"{\\\\\\\"src\\\\\\\":\\\\\\\"+917248314681\\\\\\\",\\\\\\\"dst\\\\\\\":\\\\\\\"+917248314681\\\\\\\",\\\\\\\"text\\\\\\\":\\\\\\\"Hello, from my side your otp is618411\\\\\\\"}\\\"}}\"","timestamp":"2022-12-22T12:48:49.672Z"}
{"level":"info","message":"incoming Request URL = /users/register , incoming Request body ={\"name\":\"harsh\",\"email\":\"Harsh232@gmail.com\",\"phone\":\"+917248314681\",\"password\":\"11\",\"RePassword\":\"11\"}","timestamp":"2022-12-22T12:49:20.177Z"}
{"level":"info","message":"response Request body ={\"success\":false,\"message\":\"email already exists\"}","timestamp":"2022-12-22T12:49:20.184Z"}
{"level":"info","message":"response Request body =\"{\\\"success\\\":false,\\\"message\\\":\\\"email already exists\\\"}\"","timestamp":"2022-12-22T12:49:20.185Z"}
{"level":"info","message":"incoming Request URL = /users/register , incoming Request body ={\"name\":\"harsh\",\"email\":\"Harsh232@gmail.com\",\"phone\":\"+917248314681\",\"password\":\"11\",\"RePassword\":\"11\"}","timestamp":"2022-12-22T12:50:11.151Z"}
{"level":"info","message":"response Request body ={\"success\":false,\"message\":{\"status\":400,\"statusText\":\"Bad Request\",\"apiID\":\"2c612a1c-81f7-11ed-9cbd-0242ac110004\",\"moreInfo\":\"{\\\"src\\\":\\\"+917248314681\\\",\\\"dst\\\":\\\"+917248314681\\\",\\\"text\\\":\\\"Hello, from my side your otp is642474\\\"}\"}}","timestamp":"2022-12-22T12:50:12.146Z"}
{"level":"info","message":"response Request body =\"{\\\"success\\\":false,\\\"message\\\":{\\\"status\\\":400,\\\"statusText\\\":\\\"Bad Request\\\",\\\"apiID\\\":\\\"2c612a1c-81f7-11ed-9cbd-0242ac110004\\\",\\\"moreInfo\\\":\\\"{\\\\\\\"src\\\\\\\":\\\\\\\"+917248314681\\\\\\\",\\\\\\\"dst\\\\\\\":\\\\\\\"+917248314681\\\\\\\",\\\\\\\"text\\\\\\\":\\\\\\\"Hello, from my side your otp is642474\\\\\\\"}\\\"}}\"","timestamp":"2022-12-22T12:50:12.148Z"}
{"level":"info","message":"incoming Request URL = /users/register , incoming Request body ={\"name\":\"harsh\",\"email\":\"Harsh232@gmail.com\",\"phone\":\"+917248314681\",\"password\":\"11\",\"RePassword\":\"11\"}","timestamp":"2022-12-22T12:50:51.980Z"}
{"level":"info","message":"response Request body ={\"success\":false,\"message\":{\"status\":400,\"statusText\":\"Bad Request\",\"apiID\":\"446b6154-81f7-11ed-9cbd-0242ac110004\",\"moreInfo\":\"{\\\"src\\\":\\\"+917248314681\\\",\\\"dst\\\":\\\"+917248314681\\\",\\\"text\\\":\\\"Hello, from my side your otp is874231\\\"}\"}}","timestamp":"2022-12-22T12:50:52.470Z"}
{"level":"info","message":"response Request body =\"{\\\"success\\\":false,\\\"message\\\":{\\\"status\\\":400,\\\"statusText\\\":\\\"Bad Request\\\",\\\"apiID\\\":\\\"446b6154-81f7-11ed-9cbd-0242ac110004\\\",\\\"moreInfo\\\":\\\"{\\\\\\\"src\\\\\\\":\\\\\\\"+917248314681\\\\\\\",\\\\\\\"dst\\\\\\\":\\\\\\\"+917248314681\\\\\\\",\\\\\\\"text\\\\\\\":\\\\\\\"Hello, from my side your otp is874231\\\\\\\"}\\\"}}\"","timestamp":"2022-12-22T12:50:52.477Z"}
{"level":"info","message":"incoming Request URL = /users/register , incoming Request body ={\"name\":\"harsh\",\"email\":\"Harsh232@gmail.com\",\"phone\":\"+917248314681\",\"password\":\"11\",\"RePassword\":\"11\"}","timestamp":"2022-12-22T12:54:07.362Z"}
{"level":"info","message":"response Request body ={\"success\":false,\"message\":{\"status\":400,\"statusText\":\"Bad Request\",\"apiID\":\"b9c44290-81f7-11ed-9cbd-0242ac110004\",\"moreInfo\":\"{\\\"src\\\":\\\"+917248314681\\\",\\\"dst\\\":\\\"+917248314681\\\",\\\"text\\\":\\\"Hello, from my side your otp is584043\\\"}\"}}","timestamp":"2022-12-22T12:54:09.353Z"}
{"level":"info","message":"response Request body =\"{\\\"success\\\":false,\\\"message\\\":{\\\"status\\\":400,\\\"statusText\\\":\\\"Bad Request\\\",\\\"apiID\\\":\\\"b9c44290-81f7-11ed-9cbd-0242ac110004\\\",\\\"moreInfo\\\":\\\"{\\\\\\\"src\\\\\\\":\\\\\\\"+917248314681\\\\\\\",\\\\\\\"dst\\\\\\\":\\\\\\\"+917248314681\\\\\\\",\\\\\\\"text\\\\\\\":\\\\\\\"Hello, from my side your otp is584043\\\\\\\"}\\\"}}\"","timestamp":"2022-12-22T12:54:09.354Z"}
{"level":"info","message":"incoming Request URL = /users/register , incoming Request body ={\"name\":\"harsh\",\"email\":\"Harsh232@gmail.com\",\"phone\":\"+917248314681\",\"password\":\"11\",\"RePassword\":\"11\"}","timestamp":"2022-12-22T12:55:02.916Z"}
{"level":"info","message":"response Request body ={\"success\":true,\"data\":\"OTP send successfully\"}","timestamp":"2022-12-22T12:55:02.987Z"}
{"level":"info","message":"response Request body =\"{\\\"success\\\":true,\\\"data\\\":\\\"OTP send successfully\\\"}\"","timestamp":"2022-12-22T12:55:02.988Z"}
{"level":"info","message":"incoming Request URL = /users/register , incoming Request body ={\"name\":\"harsh\",\"email\":\"Harsh232@gmail.com\",\"phone\":\"+917248314681\",\"password\":\"11\",\"RePassword\":\"11\"}","timestamp":"2022-12-22T12:58:36.523Z"}
{"level":"info","message":"response Request body ={\"success\":true,\"data\":\"OTP send successfully\"}","timestamp":"2022-12-22T12:58:36.593Z"}
{"level":"info","message":"response Request body =\"{\\\"success\\\":true,\\\"data\\\":\\\"OTP send successfully\\\"}\"","timestamp":"2022-12-22T12:58:36.593Z"}
{"level":"info","message":"incoming Request URL = /users/validateotp , incoming Request body ={\"name\":\"harsh\",\"email\":\"Harsh232@gmail.com\",\"otp\":\"960811\"}","timestamp":"2022-12-22T12:59:33.191Z"}
{"level":"info","message":"response Request body ={\"success\":true,\"data\":\"otp validate successfully\"}","timestamp":"2022-12-22T12:59:33.196Z"}
{"level":"info","message":"response Request body =\"{\\\"success\\\":true,\\\"data\\\":\\\"otp validate successfully\\\"}\"","timestamp":"2022-12-22T12:59:33.196Z"}
{"level":"info","message":"incoming Request URL = /users/login , incoming Request body ={\"email\":\"Harsh232@gmail.com\",\"password\":\"11\"}","timestamp":"2022-12-22T13:03:12.254Z"}
{"level":"info","message":"response Request body ={\"success\":true,\"data\":{\"message\":\"login success\",\"token\":\"eyJhbGciOiJIUzI1NiIsInR5cCI6IkpXVCJ9.eyJlbWFpbCI6IkhhcnNoMjMyQGdtYWlsLmNvbSIsInVzZXJJZCI6IjQ3ODROczE3bzMwOWdJMSIsInJvbGUiOiJ1c2VyIiwiaWF0IjoxNjcxNzE0MTkyLCJleHAiOjE2NzE3MTc3OTJ9.NQuRa8ZGksgu-FzrkRID3u2JPDjsL7QEB4W9CvLRN7M\"}}","timestamp":"2022-12-22T13:03:12.328Z"}
{"level":"info","message":"response Request body =\"{\\\"success\\\":true,\\\"data\\\":{\\\"message\\\":\\\"login success\\\",\\\"token\\\":\\\"eyJhbGciOiJIUzI1NiIsInR5cCI6IkpXVCJ9.eyJlbWFpbCI6IkhhcnNoMjMyQGdtYWlsLmNvbSIsInVzZXJJZCI6IjQ3ODROczE3bzMwOWdJMSIsInJvbGUiOiJ1c2VyIiwiaWF0IjoxNjcxNzE0MTkyLCJleHAiOjE2NzE3MTc3OTJ9.NQuRa8ZGksgu-FzrkRID3u2JPDjsL7QEB4W9CvLRN7M\\\"}}\"","timestamp":"2022-12-22T13:03:12.329Z"}
{"level":"info","message":"incoming Request URL = /users/register , incoming Request body ={\"name\":\"harsh\",\"email\":\"kshitiz@gmail.com\",\"phone\":\"7248314681\",\"password\":\"11\",\"RePassword\":\"11\"}","timestamp":"2022-12-22T13:12:04.297Z"}
{"level":"info","message":"response Request body ={\"success\":true,\"data\":\"OTP send successfully\"}","timestamp":"2022-12-22T13:12:04.388Z"}
{"level":"info","message":"response Request body =\"{\\\"success\\\":true,\\\"data\\\":\\\"OTP send successfully\\\"}\"","timestamp":"2022-12-22T13:12:04.390Z"}
{"level":"info","message":"incoming Request URL = /users/register , incoming Request body ={\"name\":\"harsh\",\"email\":\"kshitiz@gmail.com\",\"phone\":\"917248314681\",\"password\":\"11\",\"RePassword\":\"11\"}","timestamp":"2022-12-22T13:23:27.524Z"}
{"level":"info","message":"response Request body ={\"success\":true,\"data\":\"OTP send successfully\"}","timestamp":"2022-12-22T13:23:27.664Z"}
{"level":"info","message":"response Request body =\"{\\\"success\\\":true,\\\"data\\\":\\\"OTP send successfully\\\"}\"","timestamp":"2022-12-22T13:23:27.665Z"}
{"level":"info","message":"incoming Request URL = /users/register , incoming Request body ={\"name\":\"harsh\",\"email\":\"kshitiz@gmail.com\",\"phone\":\"917248314681\",\"password\":\"11\",\"RePassword\":\"11\"}","timestamp":"2022-12-22T13:25:58.668Z"}
{"level":"info","message":"response Request body ={\"success\":true,\"data\":\"OTP send successfully\"}","timestamp":"2022-12-22T13:25:58.740Z"}
{"level":"info","message":"response Request body =\"{\\\"success\\\":true,\\\"data\\\":\\\"OTP send successfully\\\"}\"","timestamp":"2022-12-22T13:25:58.741Z"}
{"level":"info","message":"incoming Request URL = /users/validateotp , incoming Request body ={\"name\":\"harsh\",\"email\":\"kshitiz@gmail.com\",\"otp\":\"726282\"}","timestamp":"2022-12-22T13:26:14.149Z"}
{"level":"info","message":"response Request body ={\"success\":true,\"data\":\"otp validate successfully\"}","timestamp":"2022-12-22T13:26:14.177Z"}
{"level":"info","message":"response Request body =\"{\\\"success\\\":true,\\\"data\\\":\\\"otp validate successfully\\\"}\"","timestamp":"2022-12-22T13:26:14.178Z"}
{"level":"info","message":"incoming Request URL = /users/login , incoming Request body ={\"email\":\"kshitiz@gmail.com\",\"password\":\"11\"}","timestamp":"2022-12-22T13:33:47.313Z"}
{"level":"info","message":"response Request body ={\"success\":true,\"data\":{\"message\":\"login success\",\"token\":\"eyJhbGciOiJIUzI1NiIsInR5cCI6IkpXVCJ9.eyJlbWFpbCI6ImtzaGl0aXpAZ21haWwuY29tIiwidXNlcklkIjoiSjFEekg1NkEyOW43QXBRIiwicm9sZSI6InVzZXIiLCJpYXQiOjE2NzE3MTYwMjcsImV4cCI6MTY3MTcxOTYyN30.BcBqMCST_To4H8Sw_pajqbHMb3soLE1zQ6mQoEX92es\"}}","timestamp":"2022-12-22T13:33:47.394Z"}
{"level":"info","message":"response Request body =\"{\\\"success\\\":true,\\\"data\\\":{\\\"message\\\":\\\"login success\\\",\\\"token\\\":\\\"eyJhbGciOiJIUzI1NiIsInR5cCI6IkpXVCJ9.eyJlbWFpbCI6ImtzaGl0aXpAZ21haWwuY29tIiwidXNlcklkIjoiSjFEekg1NkEyOW43QXBRIiwicm9sZSI6InVzZXIiLCJpYXQiOjE2NzE3MTYwMjcsImV4cCI6MTY3MTcxOTYyN30.BcBqMCST_To4H8Sw_pajqbHMb3soLE1zQ6mQoEX92es\\\"}}\"","timestamp":"2022-12-22T13:33:47.395Z"}
